<?xml version="1.0" encoding="UTF-8"?>
<testsuite name="xiaoDu.ToDoTest" tests="1" skipped="0" failures="0" errors="0" timestamp="2025-08-29T08:33:55" hostname="DESKTOP-V5I4ANV" time="0.026">
  <properties/>
  <testcase name="ToDoTest()" classname="xiaoDu.ToDoTest" time="0.026"/>
  <system-out><![CDATA[]]></system-out>
  <system-err><![CDATA[]]></system-err>
</testsuite>
